

<!DOCTYPE html>
<html>
<head>
<meta charset="utf-8">
<meta name="viewport" content="width=device-width, initial-scale=1, shrink-to-fit=no">
<title></title>
<link rel="apple-touch-icon" href="https://cdn.jsdelivr.net/gh/extent-framework/extent-github-cdn@b00a2d0486596e73dd7326beacf352c639623a0e/commons/img/logo.png">
<link rel="shortcut icon" href="https://cdn.jsdelivr.net/gh/extent-framework/extent-github-cdn@b00a2d0486596e73dd7326beacf352c639623a0e/commons/img/logo.png">
<link href="https://cdn.jsdelivr.net/gh/extent-framework/extent-github-cdn@c43b89d03a7c43dae8bb8f0f078bad1997af6b3b/spark/css/spark-style.css" rel="stylesheet" />
<link href="https://stackpath.bootstrapcdn.com/font-awesome/4.7.0/css/font-awesome.min.css" rel="stylesheet">
<script src="https://cdn.rawgit.com/extent-framework/extent-github-cdn/7cc78ce/spark/js/jsontree.js"></script>
<style type="text/css"></style></head><body class="spa bdd-report standard">
  <div class="app">
    <div class="layout">
<div class="header navbar">
<div class="vheader">
<div class="nav-logo">
<a href="#">
<div class="logo" style="background-image: url('https://cdn.jsdelivr.net/gh/extent-framework/extent-github-cdn@b00a2d0486596e73dd7326beacf352c639623a0e/commons/img/logo.png')"></div>
</a>
</div>
<ul class="nav-left">
<li class="search-box">
<a class="search-toggle" href="#">
<i class="search-icon fa fa-search"></i>
<i class="search-icon-close fa fa-close"></i>
</a>
</li>
<li class="search-input"><input id="search-tests" class="form-control" type="text" placeholder="Search..."></li>
</ul>
<ul class="nav-right">
<li class="m-r-10">
<a href="#"><span class="badge badge-primary"></span></a>
</li>
<li class="m-r-10">
<a href="#"><span class="badge badge-primary">Mar 12, 2022 11:12:03 am</span></a>
</li>
</ul>
</div>
</div><div class="side-nav">
<div class="side-nav-inner">
<ul class="side-nav-menu">
<li class="nav-item dropdown" onclick="toggleView('test-view')">
<a id="nav-test" class="dropdown-toggle" href="#">
<span class="ico"><i class="fa fa-list"></i></span>
</a>
</li>
<li class="nav-item dropdown" onclick="toggleView('exception-view')">
<a id="nav-exception" class="dropdown-toggle" href="#">
<span class="ico"><i class="fa fa-bug"></i></span>
</a>
</li>
<li class="nav-item dropdown" onclick="toggleView('category-view')">
<a id="nav-category" class="dropdown-toggle" href="#">
<span class="ico"><i class="fa fa-tag"></i></span>
</a>
</li>
<li class="nav-item dropdown" onclick="toggleView('dashboard-view')">
<a id="nav-dashboard" class="dropdown-toggle" href="#">
<span class="ico"><i class="fa fa-bar-chart"></i></span>
</a>
</li>
</ul>
</div>
</div>      <div class="vcontainer">
        <div class="main-content">
<div class="test-wrapper row view test-view">
  <div class="test-list">
    <div class="test-list-tools">
<ul class="tools pull-left">
<li><a href="#"><span class="font-size-14">Tests</span></a></li>
</ul>
<ul class="tools text-right">
<li class="dropdown">
<a href="#" class="dropdown-toggle" data-toggle="dropdown"><i class="fa fa-exclamation-circle"></i></a>
<ul id="status-toggle" class="dropdown-menu dropdown-md p-v-0">
<a class="dropdown-item" status="fail" href="#"><span>Fail</span><span class="status danger"></span></a>
<div class="dropdown-divider"></div>
<a status="clear" class="dropdown-item" href="#"><span>Clear</span><span class="pull-right"><i class="fa fa-close"></i></span></a>
</ul>
</li>
<li class="dropdown">
<a href="#" class="dropdown-toggle" data-toggle="dropdown"><i class="fa fa-tag"></i></a>
<ul id="tag-toggle" class="dropdown-menu dropdown-md p-v-0">
<a class="dropdown-item" href="#">@Adding_receipt_to_pay_invoice_paid_by_banking_gateway_partnerpanel</a><a class="dropdown-item" href="#">@BuyProductwithbank_partnerpanel</a><a class="dropdown-item" href="#">@Adding_Credit_Balance_in_Customer_Account_partnerpanel</a><a class="dropdown-item" href="#">@BuyProductwithpaypal_partnerpanel</a><a class="dropdown-item" href="#">@Adding_Credit_Limit_In_Customer_Account_partnerpanel</a>
</ul>
</li>
</ul>
</div>    <div class="test-list-wrapper scrollable">
      <ul class="test-list-item">
        <li class="test-item"  status="fail" test-id="1"
          author=""
          tag=""
          device="">
          <div class="test-detail">
            <p class="name">Hosting Buying Linux</p>
            <p class="text-sm">
              <span>11:12:05 am</span> / <span>50:50:796</span>
              <span class="badge fail-bg log float-right">Fail</span>
            </p>
          </div>
          <div class="test-contents d-none">
<div class="detail-head">
<div class="p-v-10">
<div class="info">
<h5 class="test-status text-fail">Hosting Buying Linux</h5>
<span class='badge badge-success'>03.12.2022 11:12:05</span>
<span class='badge badge-danger'>03.12.2022 11:32:55</span>
<span class='badge badge-default'>50:50:796</span>
&middot; <span class='uri-anchor badge badge-default'>#test-id=1</span>
</div>
<div class="m-t-10 m-l-5"></div>
</div>
</div>
<div class="accordion mt-4">
  <div class="card">
    <div class="card-header" role="tab">
      <div class="card-title">
        <div class="node" id="2"><span class="badge log fail-bg mr-2">Fail</span>Buying Linux Hosting service banking Gateway from Partner panel</div>
      </div>
    </div>
        <div class="">
          <div class="card-body">
              <div class="step pass-bg" title="features.QA11_hostinglinux.neville_login_into_q11_partner_portal()">
                <span>Given Neville login into Q11 partner portal</span>
      <div>
      </div>
              </div>
              <div class="step pass-bg" title="features.QA11_hostinglinux.neville_choose_linux_hosting_gold_offer_plan()">
                <span>Then Neville Choose Linux Hosting Gold Offer plan</span>
      <div>
      </div>
              </div>
              <div class="step pass-bg" title="features.QA11_hostinglinux.neville_open_monthly_plan_and_add_it_to_cart()">
                <span>When Neville open Monthly plan and add it to cart</span>
      <div>
      </div>
              </div>
              <div class="step pass-bg" title="features.QA11_hostinglinux.neville_creates_new_account()">
                <span>And Neville creates new account</span>
      <div>
      </div>
              </div>
              <div class="step fail-bg" title="features.QA11_hostinglinux.neville_pay_it_by_bank_payment()">
                <span>Then Neville pay it by bank payment</span>
      <div>
        <textarea disabled class="code-block">org.openqa.selenium.NoSuchElementException: no such element: Unable to locate element: {"method":"css selector","selector":"#banktransfer"}
  (Session info: chrome=99.0.4844.51)
For documentation on this error, please visit: https://www.seleniumhq.org/exceptions/no_such_element.html
Build info: version: '3.141.59', revision: 'e82be7d358', time: '2018-11-14T08:17:03'
System info: host: 'VARUN-RANJAN', ip: '172.17.247.92', os.name: 'Windows 10', os.arch: 'amd64', os.version: '10.0', java.version: '17.0.2'
Driver info: org.openqa.selenium.chrome.ChromeDriver
Capabilities {acceptInsecureCerts: false, browserName: chrome, browserVersion: 99.0.4844.51, chrome: {chromedriverVersion: 99.0.4844.51 (d537ec02474b5..., userDataDir: C:\Users\varun\AppData\Loca...}, goog:chromeOptions: {debuggerAddress: localhost:49968}, javascriptEnabled: true, networkConnectionEnabled: false, pageLoadStrategy: normal, platform: WINDOWS, platformName: WINDOWS, proxy: Proxy(), setWindowRect: true, strictFileInteractability: false, timeouts: {implicit: 0, pageLoad: 300000, script: 30000}, unhandledPromptBehavior: dismiss and notify, webauthn:extension:credBlob: true, webauthn:extension:largeBlob: true, webauthn:virtualAuthenticators: true}
Session ID: 25469a9b6f76f3b059681bcd18b3725c
*** Element info: {Using=id, value=banktransfer}
	at java.base/jdk.internal.reflect.NativeConstructorAccessorImpl.newInstance0(Native Method)
	at java.base/jdk.internal.reflect.NativeConstructorAccessorImpl.newInstance(NativeConstructorAccessorImpl.java:77)
	at java.base/jdk.internal.reflect.DelegatingConstructorAccessorImpl.newInstance(DelegatingConstructorAccessorImpl.java:45)
	at java.base/java.lang.reflect.Constructor.newInstanceWithCaller(Constructor.java:499)
	at java.base/java.lang.reflect.Constructor.newInstance(Constructor.java:480)
	at org.openqa.selenium.remote.http.W3CHttpResponseCodec.createException(W3CHttpResponseCodec.java:187)
	at org.openqa.selenium.remote.http.W3CHttpResponseCodec.decode(W3CHttpResponseCodec.java:122)
	at org.openqa.selenium.remote.http.W3CHttpResponseCodec.decode(W3CHttpResponseCodec.java:49)
	at org.openqa.selenium.remote.HttpCommandExecutor.execute(HttpCommandExecutor.java:158)
	at org.openqa.selenium.remote.service.DriverCommandExecutor.execute(DriverCommandExecutor.java:83)
	at org.openqa.selenium.remote.RemoteWebDriver.execute(RemoteWebDriver.java:552)
	at org.openqa.selenium.remote.RemoteWebDriver.findElement(RemoteWebDriver.java:323)
	at org.openqa.selenium.remote.RemoteWebDriver.findElementById(RemoteWebDriver.java:372)
	at org.openqa.selenium.By$ById.findElement(By.java:188)
	at org.openqa.selenium.remote.RemoteWebDriver.findElement(RemoteWebDriver.java:315)
	at methods.Payments.payment_with_bank(Payments.java:23)
	at features.QA11_hostinglinux.neville_pay_it_by_bank_payment(QA11_hostinglinux.java:1471)
	at ?.Neville pay it by bank payment(file:///C:/Users/varun/OneDrive%20-%20ZNet%20Technologies%20Private%20Limited/Varun%20Ranjan/Automation/MyFramework/com.hostingq11.jenkins/src/test/resources/QA11_hostinglinux.feature:72)
</textarea>
      
      </div>
              </div>
              <div class="step skip-bg" title="features.QA11_hostinglinux.lockhart_view_billing()">
                <span>And Lockhart view Billing</span>
      <div>Step skipped
      </div>
              </div>
              <div class="step skip-bg" title="features.QA11_hostinglinux.lockhart_approve_for_product()">
                <span>Then Lockhart Approve for product</span>
      <div>Step skipped
      </div>
              </div>
              <div class="step skip-bg" title="features.QA11_hostinglinux.lockhart_clicks_on_invoice()">
                <span>And Lockhart clicks on invoice</span>
      <div>Step skipped
      </div>
              </div>
              <div class="step skip-bg" title="features.QA11_hostinglinux.lockhart_verifies_the_invoice()">
                <span>Then Lockhart verifies the invoice</span>
      <div>Step skipped
      </div>
              </div>
          </div>
        </div>
  </div>
  <div class="card">
    <div class="card-header" role="tab">
      <div class="card-title">
        <div class="node" id="12"><span class="badge log fail-bg mr-2">Fail</span>Buying Linux Hosting service paypal Gateway from Partner panel</div>
      </div>
    </div>
        <div class="">
          <div class="card-body">
              <div class="step pass-bg" title="features.QA11_hostinglinux.hermione_login_into_q11_partner_portal()">
                <span>Given Hermione login into Q11 partner portal</span>
      <div>
      </div>
              </div>
              <div class="step pass-bg" title="features.QA11_hostinglinux.hermione_choose_linux_hosting_gold_offer_plan()">
                <span>Then Hermione Choose Linux Hosting Gold Offer plan</span>
      <div>
      </div>
              </div>
              <div class="step pass-bg" title="features.QA11_hostinglinux.hermione_open_monthly_plan_add_it_to_cart()">
                <span>When Hermione open Monthly plan add it to cart</span>
      <div>
      </div>
              </div>
              <div class="step pass-bg" title="features.QA11_hostinglinux.hermione_creates_new_account()">
                <span>And Hermione creates new account</span>
      <div>
      </div>
              </div>
              <div class="step fail-bg" title="features.QA11_hostinglinux.hermione_pay_it_by_paypal_payment()">
                <span>Then Hermione pay it by paypal payment</span>
      <div>
        <textarea disabled class="code-block">org.openqa.selenium.TimeoutException: Expected condition failed: waiting for presence of any elements located by By.id: paypal (tried for 30 second(s) with 500 milliseconds interval)
Build info: version: '3.141.59', revision: 'e82be7d358', time: '2018-11-14T08:17:03'
System info: host: 'VARUN-RANJAN', ip: '172.17.247.92', os.name: 'Windows 10', os.arch: 'amd64', os.version: '10.0', java.version: '17.0.2'
Driver info: org.openqa.selenium.chrome.ChromeDriver
Capabilities {acceptInsecureCerts: false, browserName: chrome, browserVersion: 99.0.4844.51, chrome: {chromedriverVersion: 99.0.4844.51 (d537ec02474b5..., userDataDir: C:\Users\varun\AppData\Loca...}, goog:chromeOptions: {debuggerAddress: localhost:50081}, javascriptEnabled: true, networkConnectionEnabled: false, pageLoadStrategy: normal, platform: WINDOWS, platformName: WINDOWS, proxy: Proxy(), setWindowRect: true, strictFileInteractability: false, timeouts: {implicit: 0, pageLoad: 300000, script: 30000}, unhandledPromptBehavior: dismiss and notify, webauthn:extension:credBlob: true, webauthn:extension:largeBlob: true, webauthn:virtualAuthenticators: true}
Session ID: 963bfe7764714a04698a7f4c5447ae41
	at org.openqa.selenium.support.ui.WebDriverWait.timeoutException(WebDriverWait.java:95)
	at org.openqa.selenium.support.ui.FluentWait.until(FluentWait.java:272)
	at methods.Payments.payment_with_paypal(Payments.java:62)
	at features.QA11_hostinglinux.hermione_pay_it_by_paypal_payment(QA11_hostinglinux.java:1678)
	at ?.Hermione pay it by paypal payment(file:///C:/Users/varun/OneDrive%20-%20ZNet%20Technologies%20Private%20Limited/Varun%20Ranjan/Automation/MyFramework/com.hostingq11.jenkins/src/test/resources/QA11_hostinglinux.feature:84)
</textarea>
      
      </div>
              </div>
              <div class="step skip-bg" title="features.QA11_hostinglinux.hagrid_view_billing()">
                <span>And Hagrid view Billing</span>
      <div>Step skipped
      </div>
              </div>
              <div class="step skip-bg" title="features.QA11_hostinglinux.hagrid_verifies_the_invoice()">
                <span>Then Hagrid verifies the invoice</span>
      <div>Step skipped
      </div>
              </div>
          </div>
        </div>
  </div>
  <div class="card">
    <div class="card-header" role="tab">
      <div class="card-title">
        <div class="node" id="20"><span class="badge log fail-bg mr-2">Fail</span>Customer lending money from partner panel</div>
      </div>
    </div>
        <div class="">
          <div class="card-body">
              <div class="step pass-bg" title="features.QA11_hostinglinux.susan_register_with_q11_website()">
                <span>Given Susan register with Q11 Website</span>
      <div>
      </div>
              </div>
              <div class="step pass-bg" title="features.QA11_hostinglinux.susan_open_his_account_and_add_credit_limit()">
                <span>Then Susan open his account and add credit limit</span>
      <div>
      </div>
              </div>
              <div class="step pass-bg" title="features.QA11_hostinglinux.susan_choose_linux_hosting_gold_offer_plan()">
                <span>Then Susan Choose Linux Hosting Gold Offer plan</span>
      <div>
      </div>
              </div>
              <div class="step pass-bg" title="features.QA11_hostinglinux.susan_open_monthly_plan_add_it_to_cart()">
                <span>When Susan open Monthly plan add it to cart</span>
      <div>
      </div>
              </div>
              <div class="step fail-bg" title="features.QA11_hostinglinux.susan_login_with_his_account()">
                <span>And Susan login with his account</span>
      <div>
        <textarea disabled class="code-block">org.openqa.selenium.ElementNotInteractableException: element not interactable
  (Session info: chrome=99.0.4844.51)
Build info: version: '3.141.59', revision: 'e82be7d358', time: '2018-11-14T08:17:03'
System info: host: 'VARUN-RANJAN', ip: '172.17.247.92', os.name: 'Windows 10', os.arch: 'amd64', os.version: '10.0', java.version: '17.0.2'
Driver info: org.openqa.selenium.chrome.ChromeDriver
Capabilities {acceptInsecureCerts: false, browserName: chrome, browserVersion: 99.0.4844.51, chrome: {chromedriverVersion: 99.0.4844.51 (d537ec02474b5..., userDataDir: C:\Users\varun\AppData\Loca...}, goog:chromeOptions: {debuggerAddress: localhost:50210}, javascriptEnabled: true, networkConnectionEnabled: false, pageLoadStrategy: normal, platform: WINDOWS, platformName: WINDOWS, proxy: Proxy(), setWindowRect: true, strictFileInteractability: false, timeouts: {implicit: 0, pageLoad: 300000, script: 30000}, unhandledPromptBehavior: dismiss and notify, webauthn:extension:credBlob: true, webauthn:extension:largeBlob: true, webauthn:virtualAuthenticators: true}
Session ID: 7e61391a22719999132c4f578cd5614b
	at java.base/jdk.internal.reflect.NativeConstructorAccessorImpl.newInstance0(Native Method)
	at java.base/jdk.internal.reflect.NativeConstructorAccessorImpl.newInstance(NativeConstructorAccessorImpl.java:77)
	at java.base/jdk.internal.reflect.DelegatingConstructorAccessorImpl.newInstance(DelegatingConstructorAccessorImpl.java:45)
	at java.base/java.lang.reflect.Constructor.newInstanceWithCaller(Constructor.java:499)
	at java.base/java.lang.reflect.Constructor.newInstance(Constructor.java:480)
	at org.openqa.selenium.remote.http.W3CHttpResponseCodec.createException(W3CHttpResponseCodec.java:187)
	at org.openqa.selenium.remote.http.W3CHttpResponseCodec.decode(W3CHttpResponseCodec.java:122)
	at org.openqa.selenium.remote.http.W3CHttpResponseCodec.decode(W3CHttpResponseCodec.java:49)
	at org.openqa.selenium.remote.HttpCommandExecutor.execute(HttpCommandExecutor.java:158)
	at org.openqa.selenium.remote.service.DriverCommandExecutor.execute(DriverCommandExecutor.java:83)
	at org.openqa.selenium.remote.RemoteWebDriver.execute(RemoteWebDriver.java:552)
	at org.openqa.selenium.remote.RemoteWebElement.execute(RemoteWebElement.java:285)
	at org.openqa.selenium.remote.RemoteWebElement.sendKeys(RemoteWebElement.java:106)
	at features.QA11_hostinglinux.susan_login_with_his_account(QA11_hostinglinux.java:1918)
	at ?.Susan login with his account(file:///C:/Users/varun/OneDrive%20-%20ZNet%20Technologies%20Private%20Limited/Varun%20Ranjan/Automation/MyFramework/com.hostingq11.jenkins/src/test/resources/QA11_hostinglinux.feature:94)
</textarea>
      
      </div>
              </div>
              <div class="step skip-bg" title="features.QA11_hostinglinux.susan_pay_it_by_credit_payment()">
                <span>Then Susan pay it by credit payment</span>
      <div>Step skipped
      </div>
              </div>
              <div class="step skip-bg" title="features.QA11_hostinglinux.barty_crouch_view_billing()">
                <span>And BartyCrouch view Billing</span>
      <div>Step skipped
      </div>
              </div>
              <div class="step skip-bg" title="features.QA11_hostinglinux.barty_crouch_verifies_the_invoice()">
                <span>Then BartyCrouch verifies the invoice</span>
      <div>Step skipped
      </div>
              </div>
          </div>
        </div>
  </div>
  <div class="card">
    <div class="card-header" role="tab">
      <div class="card-title">
        <div class="node" id="29"><span class="badge log fail-bg mr-2">Fail</span>Customer Adding Credit into Account from partner panel</div>
      </div>
    </div>
        <div class="">
          <div class="card-body">
              <div class="step pass-bg" title="features.QA11_hostinglinux.harry_register_with_q11_website()">
                <span>Given Harry register with Q11 Website</span>
      <div>
      </div>
              </div>
              <div class="step pass-bg" title="features.QA11_hostinglinux.harry_open_his_account_and_add_credit_balance()">
                <span>Then Harry open his account and add credit balance</span>
      <div>
      </div>
              </div>
              <div class="step pass-bg" title="features.QA11_hostinglinux.harry_choose_linux_hosting_gold_offer_plan()">
                <span>Then Harry Choose Linux Hosting Gold Offer plan</span>
      <div>
      </div>
              </div>
              <div class="step pass-bg" title="features.QA11_hostinglinux.harry_open_monthly_plan_add_it_to_cart()">
                <span>When Harry open Monthly plan add it to cart</span>
      <div>
      </div>
              </div>
              <div class="step fail-bg" title="features.QA11_hostinglinux.harry_login_with_his_account()">
                <span>And Harry login with his account</span>
      <div>
        <textarea disabled class="code-block">org.openqa.selenium.ElementNotInteractableException: element not interactable
  (Session info: chrome=99.0.4844.51)
Build info: version: '3.141.59', revision: 'e82be7d358', time: '2018-11-14T08:17:03'
System info: host: 'VARUN-RANJAN', ip: '172.17.247.92', os.name: 'Windows 10', os.arch: 'amd64', os.version: '10.0', java.version: '17.0.2'
Driver info: org.openqa.selenium.chrome.ChromeDriver
Capabilities {acceptInsecureCerts: false, browserName: chrome, browserVersion: 99.0.4844.51, chrome: {chromedriverVersion: 99.0.4844.51 (d537ec02474b5..., userDataDir: C:\Users\varun\AppData\Loca...}, goog:chromeOptions: {debuggerAddress: localhost:50367}, javascriptEnabled: true, networkConnectionEnabled: false, pageLoadStrategy: normal, platform: WINDOWS, platformName: WINDOWS, proxy: Proxy(), setWindowRect: true, strictFileInteractability: false, timeouts: {implicit: 0, pageLoad: 300000, script: 30000}, unhandledPromptBehavior: dismiss and notify, webauthn:extension:credBlob: true, webauthn:extension:largeBlob: true, webauthn:virtualAuthenticators: true}
Session ID: b467dac6f8afb64a407569c5279bff12
	at java.base/jdk.internal.reflect.NativeConstructorAccessorImpl.newInstance0(Native Method)
	at java.base/jdk.internal.reflect.NativeConstructorAccessorImpl.newInstance(NativeConstructorAccessorImpl.java:77)
	at java.base/jdk.internal.reflect.DelegatingConstructorAccessorImpl.newInstance(DelegatingConstructorAccessorImpl.java:45)
	at java.base/java.lang.reflect.Constructor.newInstanceWithCaller(Constructor.java:499)
	at java.base/java.lang.reflect.Constructor.newInstance(Constructor.java:480)
	at org.openqa.selenium.remote.http.W3CHttpResponseCodec.createException(W3CHttpResponseCodec.java:187)
	at org.openqa.selenium.remote.http.W3CHttpResponseCodec.decode(W3CHttpResponseCodec.java:122)
	at org.openqa.selenium.remote.http.W3CHttpResponseCodec.decode(W3CHttpResponseCodec.java:49)
	at org.openqa.selenium.remote.HttpCommandExecutor.execute(HttpCommandExecutor.java:158)
	at org.openqa.selenium.remote.service.DriverCommandExecutor.execute(DriverCommandExecutor.java:83)
	at org.openqa.selenium.remote.RemoteWebDriver.execute(RemoteWebDriver.java:552)
	at org.openqa.selenium.remote.RemoteWebElement.execute(RemoteWebElement.java:285)
	at org.openqa.selenium.remote.RemoteWebElement.sendKeys(RemoteWebElement.java:106)
	at features.QA11_hostinglinux.harry_login_with_his_account(QA11_hostinglinux.java:2200)
	at ?.Harry login with his account(file:///C:/Users/varun/OneDrive%20-%20ZNet%20Technologies%20Private%20Limited/Varun%20Ranjan/Automation/MyFramework/com.hostingq11.jenkins/src/test/resources/QA11_hostinglinux.feature:105)
</textarea>
      
      </div>
              </div>
              <div class="step skip-bg" title="features.QA11_hostinglinux.harry_pay_it_by_credit_balance()">
                <span>Then Harry pay it by credit balance</span>
      <div>Step skipped
      </div>
              </div>
              <div class="step skip-bg" title="features.QA11_hostinglinux.quirrell_view_billing()">
                <span>And Quirrell view Billing</span>
      <div>Step skipped
      </div>
              </div>
              <div class="step skip-bg" title="features.QA11_hostinglinux.quirrell_verifies_the_invoice()">
                <span>Then Quirrell verifies the invoice</span>
      <div>Step skipped
      </div>
              </div>
          </div>
        </div>
  </div>
  <div class="card">
    <div class="card-header" role="tab">
      <div class="card-title">
        <div class="node" id="38"><span class="badge log fail-bg mr-2">Fail</span>Buying Linux Hosting service banking Gateway</div>
      </div>
    </div>
        <div class="">
          <div class="card-body">
              <div class="step pass-bg" title="features.QA11_hostinglinux.james_login_into_q11_website()">
                <span>Given James login into Q11 Website</span>
      <div>
      </div>
              </div>
              <div class="step pass-bg" title="features.QA11_hostinglinux.james_choose_linux_hosting_gold_offer_plan()">
                <span>Then James Choose Linux Hosting Gold Offer plan</span>
      <div>
      </div>
              </div>
              <div class="step pass-bg" title="features.QA11_hostinglinux.james_open_monthly_plan_and_add_it_to_cart()">
                <span>When James open Monthly plan and add it to cart</span>
      <div>
      </div>
              </div>
              <div class="step pass-bg" title="features.QA11_hostinglinux.james_creates_new_account()">
                <span>And James creates new account</span>
      <div>
      </div>
              </div>
              <div class="step fail-bg" title="features.QA11_hostinglinux.james_pay_it_by_bank_payment()">
                <span>Then James pay it by bank payment</span>
      <div>
        <textarea disabled class="code-block">org.openqa.selenium.NoSuchElementException: no such element: Unable to locate element: {"method":"css selector","selector":"#banktransfer"}
  (Session info: chrome=99.0.4844.51)
For documentation on this error, please visit: https://www.seleniumhq.org/exceptions/no_such_element.html
Build info: version: '3.141.59', revision: 'e82be7d358', time: '2018-11-14T08:17:03'
System info: host: 'VARUN-RANJAN', ip: '172.17.247.92', os.name: 'Windows 10', os.arch: 'amd64', os.version: '10.0', java.version: '17.0.2'
Driver info: org.openqa.selenium.chrome.ChromeDriver
Capabilities {acceptInsecureCerts: false, browserName: chrome, browserVersion: 99.0.4844.51, chrome: {chromedriverVersion: 99.0.4844.51 (d537ec02474b5..., userDataDir: C:\Users\varun\AppData\Loca...}, goog:chromeOptions: {debuggerAddress: localhost:50499}, javascriptEnabled: true, networkConnectionEnabled: false, pageLoadStrategy: normal, platform: WINDOWS, platformName: WINDOWS, proxy: Proxy(), setWindowRect: true, strictFileInteractability: false, timeouts: {implicit: 0, pageLoad: 300000, script: 30000}, unhandledPromptBehavior: dismiss and notify, webauthn:extension:credBlob: true, webauthn:extension:largeBlob: true, webauthn:virtualAuthenticators: true}
Session ID: 08105d1c0bceb4ed4a0d80794b8e5f30
*** Element info: {Using=id, value=banktransfer}
	at java.base/jdk.internal.reflect.NativeConstructorAccessorImpl.newInstance0(Native Method)
	at java.base/jdk.internal.reflect.NativeConstructorAccessorImpl.newInstance(NativeConstructorAccessorImpl.java:77)
	at java.base/jdk.internal.reflect.DelegatingConstructorAccessorImpl.newInstance(DelegatingConstructorAccessorImpl.java:45)
	at java.base/java.lang.reflect.Constructor.newInstanceWithCaller(Constructor.java:499)
	at java.base/java.lang.reflect.Constructor.newInstance(Constructor.java:480)
	at org.openqa.selenium.remote.http.W3CHttpResponseCodec.createException(W3CHttpResponseCodec.java:187)
	at org.openqa.selenium.remote.http.W3CHttpResponseCodec.decode(W3CHttpResponseCodec.java:122)
	at org.openqa.selenium.remote.http.W3CHttpResponseCodec.decode(W3CHttpResponseCodec.java:49)
	at org.openqa.selenium.remote.HttpCommandExecutor.execute(HttpCommandExecutor.java:158)
	at org.openqa.selenium.remote.service.DriverCommandExecutor.execute(DriverCommandExecutor.java:83)
	at org.openqa.selenium.remote.RemoteWebDriver.execute(RemoteWebDriver.java:552)
	at org.openqa.selenium.remote.RemoteWebDriver.findElement(RemoteWebDriver.java:323)
	at org.openqa.selenium.remote.RemoteWebDriver.findElementById(RemoteWebDriver.java:372)
	at org.openqa.selenium.By$ById.findElement(By.java:188)
	at org.openqa.selenium.remote.RemoteWebDriver.findElement(RemoteWebDriver.java:315)
	at methods.Payments.payment_with_bank(Payments.java:23)
	at features.QA11_hostinglinux.james_pay_it_by_bank_payment(QA11_hostinglinux.java:2430)
	at ?.James pay it by bank payment(file:///C:/Users/varun/OneDrive%20-%20ZNet%20Technologies%20Private%20Limited/Varun%20Ranjan/Automation/MyFramework/com.hostingq11.jenkins/src/test/resources/QA11_hostinglinux.feature:117)
</textarea>
      
      </div>
              </div>
              <div class="step skip-bg" title="features.QA11_hostinglinux.william_opens_justin_profile()">
                <span>And William opens Justin Profile</span>
      <div>Step skipped
      </div>
              </div>
              <div class="step skip-bg" title="features.QA11_hostinglinux.william_added_receipt_which_is_paid_by_james()">
                <span>Then William added receipt which is paid by James</span>
      <div>Step skipped
      </div>
              </div>
              <div class="step skip-bg" title="features.QA11_hostinglinux.william_approves_for_the_product()">
                <span>Then William approves for the product</span>
      <div>Step skipped
      </div>
              </div>
              <div class="step skip-bg" title="features.QA11_hostinglinux.william_verifies_the_invoice()">
                <span>And William verifies the invoice</span>
      <div>Step skipped
      </div>
              </div>
          </div>
        </div>
  </div>
</div>
          </div>
        </li>
      </ul>
    </div>
  </div>
<div class="test-content scrollable">
<div class="test-content-tools">
<ul><li><a class="back-to-test" href="#"><i class="fa fa-arrow-left"></i></a></li></ul>
</div>
<div class="test-content-detail"><div class="detail-body"></div></div>
</div></div>
<div class="test-wrapper row view exception-view attributes-view">
<div class="test-list">
<div class="test-list-tools">
<ul class="tools pull-left"><li><a href=""><span class="font-size-14">Exception</span></a></li></ul>
<ul class="tools text-right"><li><a href="#"><span class="badge badge-primary">3</span></a></li></ul>
</div>
<div class="test-list-wrapper scrollable">
<ul class="test-list-item">
<li class="test-item">
<div class="test-detail">
<span class="meta">
<span class='badge log badge-danger'>1</span>
</span>
<p class="name">org.openqa.selenium.NoSuchElementException</p>
<p class="duration text-sm">1 tests</p>
</div>
<div class="test-contents d-none">
<div class="info">
<h4>org.openqa.selenium.NoSuchElementException</h4>
<span status="fail" class='badge log badge-danger'>1 failed</span>
</div>
<table class='table table-sm mt-4'>
<thead>
<tr>
<th class="status-col">Status</th>
<th class="timestamp-col">Timestamp</th>
<th>TestName</th>
</tr>
</thead>
<tbody>
<tr class="tag-test-status" status="fail">
<td><span class="badge log fail-bg">Fail</span></td>
<td>11:15:48 am</td>
<td>
<a href="#" class="linked" test-id='1' id='7'>Then Neville pay it by bank payment</a>
<div class="">
<span class="badge badge-default">Hosting Buying Linux.Buying Linux Hosting service banking Gateway from Partner panel.Then Neville pay it by bank payment</span>
</div>
</td>
</tr>
<tr class="tag-test-status" status="fail">
<td><span class="badge log fail-bg">Fail</span></td>
<td>11:32:42 am</td>
<td>
<a href="#" class="linked" test-id='1' id='43'>Then James pay it by bank payment</a>
<div class="">
<span class="badge badge-default">Hosting Buying Linux.Buying Linux Hosting service banking Gateway.Then James pay it by bank payment</span>
</div>
</td>
</tr>
</tbody>
</table>
</div>
</li>
<li class="test-item">
<div class="test-detail">
<span class="meta">
<span class='badge log badge-danger'>1</span>
</span>
<p class="name">org.openqa.selenium.ElementNotInteractableException</p>
<p class="duration text-sm">1 tests</p>
</div>
<div class="test-contents d-none">
<div class="info">
<h4>org.openqa.selenium.ElementNotInteractableException</h4>
<span status="fail" class='badge log badge-danger'>1 failed</span>
</div>
<table class='table table-sm mt-4'>
<thead>
<tr>
<th class="status-col">Status</th>
<th class="timestamp-col">Timestamp</th>
<th>TestName</th>
</tr>
</thead>
<tbody>
<tr class="tag-test-status" status="fail">
<td><span class="badge log fail-bg">Fail</span></td>
<td>11:24:21 am</td>
<td>
<a href="#" class="linked" test-id='1' id='25'>And Susan login with his account</a>
<div class="">
<span class="badge badge-default">Hosting Buying Linux.Customer lending money from partner panel.And Susan login with his account</span>
</div>
</td>
</tr>
<tr class="tag-test-status" status="fail">
<td><span class="badge log fail-bg">Fail</span></td>
<td>11:28:59 am</td>
<td>
<a href="#" class="linked" test-id='1' id='34'>And Harry login with his account</a>
<div class="">
<span class="badge badge-default">Hosting Buying Linux.Customer Adding Credit into Account from partner panel.And Harry login with his account</span>
</div>
</td>
</tr>
</tbody>
</table>
</div>
</li>
<li class="test-item">
<div class="test-detail">
<span class="meta">
<span class='badge log badge-danger'>1</span>
</span>
<p class="name">org.openqa.selenium.TimeoutException</p>
<p class="duration text-sm">1 tests</p>
</div>
<div class="test-contents d-none">
<div class="info">
<h4>org.openqa.selenium.TimeoutException</h4>
<span status="fail" class='badge log badge-danger'>1 failed</span>
</div>
<table class='table table-sm mt-4'>
<thead>
<tr>
<th class="status-col">Status</th>
<th class="timestamp-col">Timestamp</th>
<th>TestName</th>
</tr>
</thead>
<tbody>
<tr class="tag-test-status" status="fail">
<td><span class="badge log fail-bg">Fail</span></td>
<td>11:19:34 am</td>
<td>
<a href="#" class="linked" test-id='1' id='17'>Then Hermione pay it by paypal payment</a>
<div class="">
<span class="badge badge-default">Hosting Buying Linux.Buying Linux Hosting service paypal Gateway from Partner panel.Then Hermione pay it by paypal payment</span>
</div>
</td>
</tr>
</tbody>
</table>
</div>
</li>
</ul>
</div>
</div>
<div class="test-content scrollable">
<div class="test-content-detail">
<div class="detail-body"></div>
</div>
</div>
</div><div class="test-wrapper row view category-view attributes-view">
<div class="test-list">
<div class="test-list-tools">
<ul class="tools pull-left"><li><a href=""><span class="font-size-14">Category</span></a></li></ul>
<ul class="tools text-right"><li><a href="#"><span class="badge badge-primary">5</span></a></li></ul>
</div>
<div class="test-list-wrapper scrollable">
<ul class="test-list-item">
<li class="test-item">
<div class="test-detail">
<span class="meta">
<span class='badge log badge-danger'>1</span>
</span>
<p class="name">@Adding_receipt_to_pay_invoice_paid_by_banking_gateway_partnerpanel</p>
<p class="duration text-sm">1 tests</p>
</div>
<div class="test-contents d-none">
<div class="info">
<h4>@Adding_receipt_to_pay_invoice_paid_by_banking_gateway_partnerpanel</h4>
<span status="fail" class='badge log badge-danger'>1 failed</span>
</div>
<table class='table table-sm mt-4'>
<thead>
<tr>
<th class="status-col">Status</th>
<th class="timestamp-col">Timestamp</th>
<th>TestName</th>
</tr>
</thead>
<tbody>
<tr class="tag-test-status" status="fail">
<td><span class="badge log fail-bg">Fail</span></td>
<td>11:29:09 am</td>
<td>
<a href="#" class="linked" test-id='1' id='38'>Buying Linux Hosting service banking Gateway</a>
<div class="">
<span class="badge badge-default">Hosting Buying Linux.Buying Linux Hosting service banking Gateway</span>
</div>
</td>
</tr>
</tbody>
</table>
</div>
</li>
<li class="test-item">
<div class="test-detail">
<span class="meta">
<span class='badge log badge-danger'>1</span>
</span>
<p class="name">@BuyProductwithbank_partnerpanel</p>
<p class="duration text-sm">1 tests</p>
</div>
<div class="test-contents d-none">
<div class="info">
<h4>@BuyProductwithbank_partnerpanel</h4>
<span status="fail" class='badge log badge-danger'>1 failed</span>
</div>
<table class='table table-sm mt-4'>
<thead>
<tr>
<th class="status-col">Status</th>
<th class="timestamp-col">Timestamp</th>
<th>TestName</th>
</tr>
</thead>
<tbody>
<tr class="tag-test-status" status="fail">
<td><span class="badge log fail-bg">Fail</span></td>
<td>11:12:05 am</td>
<td>
<a href="#" class="linked" test-id='1' id='2'>Buying Linux Hosting service banking Gateway from Partner panel</a>
<div class="">
<span class="badge badge-default">Hosting Buying Linux.Buying Linux Hosting service banking Gateway from Partner panel</span>
</div>
</td>
</tr>
</tbody>
</table>
</div>
</li>
<li class="test-item">
<div class="test-detail">
<span class="meta">
<span class='badge log badge-danger'>1</span>
</span>
<p class="name">@Adding_Credit_Balance_in_Customer_Account_partnerpanel</p>
<p class="duration text-sm">1 tests</p>
</div>
<div class="test-contents d-none">
<div class="info">
<h4>@Adding_Credit_Balance_in_Customer_Account_partnerpanel</h4>
<span status="fail" class='badge log badge-danger'>1 failed</span>
</div>
<table class='table table-sm mt-4'>
<thead>
<tr>
<th class="status-col">Status</th>
<th class="timestamp-col">Timestamp</th>
<th>TestName</th>
</tr>
</thead>
<tbody>
<tr class="tag-test-status" status="fail">
<td><span class="badge log fail-bg">Fail</span></td>
<td>11:24:32 am</td>
<td>
<a href="#" class="linked" test-id='1' id='29'>Customer Adding Credit into Account from partner panel</a>
<div class="">
<span class="badge badge-default">Hosting Buying Linux.Customer Adding Credit into Account from partner panel</span>
</div>
</td>
</tr>
</tbody>
</table>
</div>
</li>
<li class="test-item">
<div class="test-detail">
<span class="meta">
<span class='badge log badge-danger'>1</span>
</span>
<p class="name">@BuyProductwithpaypal_partnerpanel</p>
<p class="duration text-sm">1 tests</p>
</div>
<div class="test-contents d-none">
<div class="info">
<h4>@BuyProductwithpaypal_partnerpanel</h4>
<span status="fail" class='badge log badge-danger'>1 failed</span>
</div>
<table class='table table-sm mt-4'>
<thead>
<tr>
<th class="status-col">Status</th>
<th class="timestamp-col">Timestamp</th>
<th>TestName</th>
</tr>
</thead>
<tbody>
<tr class="tag-test-status" status="fail">
<td><span class="badge log fail-bg">Fail</span></td>
<td>11:16:01 am</td>
<td>
<a href="#" class="linked" test-id='1' id='12'>Buying Linux Hosting service paypal Gateway from Partner panel</a>
<div class="">
<span class="badge badge-default">Hosting Buying Linux.Buying Linux Hosting service paypal Gateway from Partner panel</span>
</div>
</td>
</tr>
</tbody>
</table>
</div>
</li>
<li class="test-item">
<div class="test-detail">
<span class="meta">
<span class='badge log badge-danger'>1</span>
</span>
<p class="name">@Adding_Credit_Limit_In_Customer_Account_partnerpanel</p>
<p class="duration text-sm">1 tests</p>
</div>
<div class="test-contents d-none">
<div class="info">
<h4>@Adding_Credit_Limit_In_Customer_Account_partnerpanel</h4>
<span status="fail" class='badge log badge-danger'>1 failed</span>
</div>
<table class='table table-sm mt-4'>
<thead>
<tr>
<th class="status-col">Status</th>
<th class="timestamp-col">Timestamp</th>
<th>TestName</th>
</tr>
</thead>
<tbody>
<tr class="tag-test-status" status="fail">
<td><span class="badge log fail-bg">Fail</span></td>
<td>11:20:09 am</td>
<td>
<a href="#" class="linked" test-id='1' id='20'>Customer lending money from partner panel</a>
<div class="">
<span class="badge badge-default">Hosting Buying Linux.Customer lending money from partner panel</span>
</div>
</td>
</tr>
</tbody>
</table>
</div>
</li>
</ul>
</div>
</div>
<div class="test-content scrollable">
<div class="test-content-detail">
<div class="detail-body"></div>
</div>
</div>
</div><div class="container-fluid p-4 view dashboard-view">
<div class="row">
<div class="col-md-3">
<div class="card"><div class="card-body">
<p class="m-b-0">Started</p>
<h3>Mar 12, 2022 11:12:03 am</h3>
</div></div>
</div>
<div class="col-md-3">
<div class="card"><div class="card-body">
<p class="m-b-0">Ended</p>
<h3>Mar 12, 2022 11:32:55 am</h3>
</div></div>
</div>
<div class="col-md-3">
<div class="card"><div class="card-body">
<p class="m-b-0 text-pass">Features Passed</p>
<h3>0</h3>
</div></div>
</div>
<div class="col-md-3">
<div class="card"><div class="card-body">
<p class="m-b-0 text-fail">Features Failed</p>
<h3>1</h3>
</div></div>
</div>
</div>
<div class="row">
<div class="col-md-4">
<div class="card">
<div class="card-header">
<h6 class="card-title">Features</h6>
</div>
<div class="card-body">
<div class="">
<canvas id='parent-analysis' width='115' height='90'></canvas>
</div>
</div>
<div class="card-footer">
<div><small data-tooltip='0%'>
<b>0</b> features passed
</small>
</div>
<div>
<small data-tooltip='100%'><b>1</b> features failed,
<b>0</b> skipped, <b data-tooltip='0%'>0</b> others
</small>
</div>
</div>
</div>
</div>
<div class="col-md-4">
<div class="card">
<div class="card-header">
<h6 class="card-title">Scenarios</h6>
</div>
<div class="card-body">
<div class="">
<canvas id='child-analysis' width='115' height='90'></canvas>
</div>
</div>
<div class="card-footer">
<div><small data-tooltip='0%'><b>0</b> scenarios passed</small></div>
<div>
<small data-tooltip='100%'><b>5</b> scenarios failed,
<b>0</b> skipped, <b data-tooltip='%'>0</b> others
</small>
</div>
</div>
</div>
</div>
<div class="col-md-4">
<div class="card">
<div class="card-header">
<h6 class="card-title">Steps</h6>
</div>
<div class="card-body">
<div class="">
<canvas id='grandchild-analysis' width='115' height='90'></canvas>
</div>
</div>
<div class="card-footer">
<div><small data-tooltip='48%'><b>20</b> steps passed</small></div>
<div>
<small data-tooltip='12%'><b>5</b> steps failed,
<b>16</b> skipped, <b data-tooltip='%'>0</b> others
</small>
</div>
</div>
</div>
</div>
</div>
<div class="row"><div class="col-md-12">
<div class="card"><div class="card-header"><p>Timeline</p></div>
<div class="card-body pt-0"><div>
<canvas id="timeline" height="120"></canvas>
</div></div>
</div>
</div></div>
<script>
var timeline = {
"Hosting Buying Linux":1250.796
};
</script>
<div class="row">
<div class="col-md-4 category-container">
<div class="card">
<div class="card-header"><p>Tags</p></div>
<div class="card-body pb-0 pt-0"><table class="table table-sm table-bordered">
<thead><tr class="bg-gray"><th>Name</th><th>Passed</th><th>Failed</th><th>Skipped</th><th>Others</th><th>Passed %</th></tr></thead><tbody>
<tr>
<td>@Adding_receipt_to_pay_invoice_paid_by_banking_gateway_partnerpanel</td>
<td>0</td>
<td>1</td>
<td>0</td>
<td>0</td>
<td>0%</td>
</tr>
<tr>
<td>@BuyProductwithbank_partnerpanel</td>
<td>0</td>
<td>1</td>
<td>0</td>
<td>0</td>
<td>0%</td>
</tr>
<tr>
<td>@Adding_Credit_Balance_in_Customer_Account_partnerpanel</td>
<td>0</td>
<td>1</td>
<td>0</td>
<td>0</td>
<td>0%</td>
</tr>
<tr>
<td>@BuyProductwithpaypal_partnerpanel</td>
<td>0</td>
<td>1</td>
<td>0</td>
<td>0</td>
<td>0%</td>
</tr>
<tr>
<td>@Adding_Credit_Limit_In_Customer_Account_partnerpanel</td>
<td>0</td>
<td>1</td>
<td>0</td>
<td>0</td>
<td>0%</td>
</tr>
</tbody>
</table></div>
</div>
</div>
</div>
</div>
<script>
var statusGroup = {
parentCount: 5,
passParent: 0,
failParent: 1,
warningParent: 0,
skipParent: 0,
childCount: 5,
passChild: 0,
failChild: 5,
warningChild: 0,
skipChild: 0,
infoChild: 0,
grandChildCount: 5,
passGrandChild: 20,
failGrandChild: 5,
warningGrandChild: 0,
skipGrandChild: 16,
infoGrandChild: 0,
eventsCount: 5,
};
</script>        </div>
      </div>
    </div>
  </div>
<script src="https://cdn.jsdelivr.net/gh/extent-framework/extent-github-cdn@14e9bb345ef7e2ed3a102f271d84e9f0267c88e7/spark/js/spark-script.js"></script>
<script type="text/javascript"></script></body>
</html>